<?xml version="1.0" encoding="UTF-8"?>
<!-- Generated by org.testng.reporters.JUnitXMLReporter -->
<testsuite hostname="MYCOMPUTER" ignored="2" name="Default test" tests="3" failures="0" timestamp="10 Jun 2017 23:45:37 GMT" time="4.462" errors="0">
  <testcase name="translateWithdrawalAmount" time="1.51" classname="com.modulr.java.test.eliasbalasis.NoteServiceImplTest"/>
  <testcase name="translateWithdrawalAmount" time="1.379" classname="com.modulr.java.test.eliasbalasis.NoteServiceImplTest"/>
  <testcase name="translateWithdrawalAmount" time="1.452" classname="com.modulr.java.test.eliasbalasis.NoteServiceImplTest"/>
  <testcase name="translateWithdrawalAmountInsufficientNotes" time="0.0" classname="com.modulr.java.test.eliasbalasis.NoteServiceImplTest">
    <ignored/>
  </testcase> <!-- translateWithdrawalAmountInsufficientNotes -->
  <testcase name="translateWithdrawalAmountImpossible" time="0.0" classname="com.modulr.java.test.eliasbalasis.NoteServiceImplTest">
    <ignored/>
  </testcase> <!-- translateWithdrawalAmountImpossible -->
</testsuite> <!-- Default test -->
