<?xml version="1.0" encoding="UTF-8"?>
<testng-results skipped="0" failed="0" ignored="2" total="5" passed="3">
  <reporter-output>
  </reporter-output>
  <suite name="Default suite" duration-ms="4462" started-at="2017-06-10T23:45:32Z" finished-at="2017-06-10T23:45:36Z">
    <groups>
    </groups>
    <test name="Default test" duration-ms="4462" started-at="2017-06-10T23:45:32Z" finished-at="2017-06-10T23:45:36Z">
      <class name="com.modulr.java.test.eliasbalasis.NoteServiceImplTest">
        <test-method status="PASS" signature="setup()[pri:0, instance:com.modulr.java.test.eliasbalasis.NoteServiceImplTest@72a7c7e0]" name="setup" is-config="true" duration-ms="94" started-at="2017-06-11T00:45:32Z" finished-at="2017-06-11T00:45:32Z">
          <reporter-output>
          </reporter-output>
        </test-method> <!-- setup -->
        <test-method status="PASS" signature="translateWithdrawalAmount(java.lang.String, java.util.Map, long, java.util.Map)[pri:0, instance:com.modulr.java.test.eliasbalasis.NoteServiceImplTest@72a7c7e0]" name="translateWithdrawalAmount" duration-ms="1510" started-at="2017-06-11T00:45:32Z" data-provider="parameters" finished-at="2017-06-11T00:45:34Z">
          <params>
            <param index="0">
              <value>
                <![CDATA[20atLeastOneFIVE]]>
              </value>
            </param>
            <param index="1">
              <value>
                <![CDATA[{TEN=1, FIVE=2}]]>
              </value>
            </param>
            <param index="2">
              <value>
                <![CDATA[20]]>
              </value>
            </param>
            <param index="3">
              <value>
                <![CDATA[{TEN=1, FIVE=2}]]>
              </value>
            </param>
          </params>
          <reporter-output>
          </reporter-output>
        </test-method> <!-- translateWithdrawalAmount -->
        <test-method status="PASS" signature="translateWithdrawalAmount(java.lang.String, java.util.Map, long, java.util.Map)[pri:0, instance:com.modulr.java.test.eliasbalasis.NoteServiceImplTest@72a7c7e0]" name="translateWithdrawalAmount" duration-ms="1379" started-at="2017-06-11T00:45:34Z" data-provider="parameters" finished-at="2017-06-11T00:45:35Z">
          <params>
            <param index="0">
              <value>
                <![CDATA[20asTwoTEN]]>
              </value>
            </param>
            <param index="1">
              <value>
                <![CDATA[{TEN=2}]]>
              </value>
            </param>
            <param index="2">
              <value>
                <![CDATA[20]]>
              </value>
            </param>
            <param index="3">
              <value>
                <![CDATA[{TEN=2}]]>
              </value>
            </param>
          </params>
          <reporter-output>
          </reporter-output>
        </test-method> <!-- translateWithdrawalAmount -->
        <test-method status="PASS" signature="setup()[pri:0, instance:com.modulr.java.test.eliasbalasis.NoteServiceImplTest@72a7c7e0]" name="setup" is-config="true" duration-ms="0" started-at="2017-06-11T00:45:34Z" finished-at="2017-06-11T00:45:34Z">
          <reporter-output>
          </reporter-output>
        </test-method> <!-- setup -->
        <test-method status="PASS" signature="setup()[pri:0, instance:com.modulr.java.test.eliasbalasis.NoteServiceImplTest@72a7c7e0]" name="setup" is-config="true" duration-ms="0" started-at="2017-06-11T00:45:35Z" finished-at="2017-06-11T00:45:35Z">
          <reporter-output>
          </reporter-output>
        </test-method> <!-- setup -->
        <test-method status="PASS" signature="translateWithdrawalAmount(java.lang.String, java.util.Map, long, java.util.Map)[pri:0, instance:com.modulr.java.test.eliasbalasis.NoteServiceImplTest@72a7c7e0]" name="translateWithdrawalAmount" duration-ms="1452" started-at="2017-06-11T00:45:35Z" data-provider="parameters" finished-at="2017-06-11T00:45:36Z">
          <params>
            <param index="0">
              <value>
                <![CDATA[20asOneTWENTY]]>
              </value>
            </param>
            <param index="1">
              <value>
                <![CDATA[{TWENTY=1}]]>
              </value>
            </param>
            <param index="2">
              <value>
                <![CDATA[20]]>
              </value>
            </param>
            <param index="3">
              <value>
                <![CDATA[{TWENTY=1}]]>
              </value>
            </param>
          </params>
          <reporter-output>
          </reporter-output>
        </test-method> <!-- translateWithdrawalAmount -->
      </class> <!-- com.modulr.java.test.eliasbalasis.NoteServiceImplTest -->
    </test> <!-- Default test -->
  </suite> <!-- Default suite -->
</testng-results>
